<?xml version="1.0" encoding="UTF-8"?>
<!-- Generated by org.testng.reporters.JUnitReportReporter -->
<testsuite hostname="DESKTOP-DL9B500" failures="0" tests="1" name="TestNG.casefb" time="11.363" errors="0" timestamp="2021-02-04T21:00:51 IST" skipped="0">
  <testcase classname="TestNG.casefb" name="func" time="11.363"/>
</testsuite> <!-- TestNG.casefb -->
