<?xml version="1.0" encoding="UTF-8"?>
<!-- Generated by org.testng.reporters.JUnitReportReporter -->
<testsuite hostname="DESKTOP-DL9B500" failures="0" tests="3" name="TestNG.test1" time="0.020" errors="0" timestamp="2021-02-04T20:59:36 IST" skipped="1">
  <testcase classname="TestNG.test1" name="demo" time="0.017"/>
  <testcase classname="TestNG.test1" name="demo" time="0.003"/>
  <testcase classname="TestNG.test1" name="demo2">
    <skipped/>
  </testcase> <!-- demo2 -->
</testsuite> <!-- TestNG.test1 -->
