<?xml version="1.0" encoding="UTF-8"?>
<!-- Generated by org.testng.reporters.JUnitReportReporter -->
<testsuite hostname="DESKTOP-DL9B500" failures="0" tests="1" name="TestNG.pom2" time="16.643" errors="0" timestamp="2021-02-04T22:59:13 IST" skipped="0">
  <testcase classname="TestNG.pom2" name="login" time="16.643"/>
</testsuite> <!-- TestNG.pom2 -->
