<?xml version="1.0" encoding="UTF-8"?>
<!-- Generated by org.testng.reporters.JUnitReportReporter -->
<testsuite hostname="DESKTOP-DL9B500" failures="0" tests="1" name="TestNG.test0" time="0.016" errors="0" timestamp="2021-02-02T18:28:01 IST" skipped="0">
  <testcase classname="TestNG.test0" name="demo" time="0.016"/>
</testsuite> <!-- TestNG.test0 -->
