<?xml version="1.0" encoding="UTF-8"?>
<!-- Generated by org.testng.reporters.JUnitReportReporter -->
<testsuite hostname="DESKTOP-DL9B500" failures="0" tests="1" name="TestNG.softassert" time="36.476" errors="0" timestamp="2021-02-05T18:47:22 IST" skipped="0">
  <testcase classname="TestNG.softassert" name="fun" time="36.476"/>
</testsuite> <!-- TestNG.softassert -->
