<?xml version="1.0" encoding="UTF-8"?>
<!-- Generated by org.testng.reporters.JUnitReportReporter -->
<testsuite hostname="DESKTOP-DL9B500" failures="0" tests="2" name="TestNG.parallel" time="61.472" errors="0" timestamp="2021-02-04T22:01:01 IST" skipped="0">
  <testcase classname="TestNG.parallel" name="met" time="27.852"/>
  <testcase classname="TestNG.parallel" name="met" time="33.620"/>
</testsuite> <!-- TestNG.parallel -->
